<?xml version="1.0" encoding="UTF-8"?>
<testng-results ignored="0" total="1" passed="0" failed="1" skipped="0">
  <reporter-output>
  </reporter-output>
  <suite started-at="2025-02-10T07:06:09 IST" name="DemoWebShop Suite" finished-at="2025-02-10T07:06:26 IST" duration-ms="17147">
    <groups>
      <group name="cucumber">
        <method signature="AbstractTestNGCucumberTests.runScenario(io.cucumber.testng.PickleWrapper,io.cucumber.testng.FeatureWrapper)[pri:0, instance:runners.TestRunner@5a59ca5e]" name="runScenario" class="io.cucumber.testng.AbstractTestNGCucumberTests"/>
      </group> <!-- cucumber -->
    </groups>
    <test started-at="2025-02-10T07:06:09 IST" name="Cucumber Tests" finished-at="2025-02-10T07:06:26 IST" duration-ms="17147">
      <class name="runners.TestRunner">
        <test-method is-config="true" signature="setUpClass(org.testng.ITestContext)[pri:0, instance:runners.TestRunner@5a59ca5e]" started-at="2025-02-10T07:06:09 IST" name="setUpClass" finished-at="2025-02-10T07:06:10 IST" duration-ms="563" status="PASS">
          <params>
            <param index="0">
              <value>
                <![CDATA[org.testng.TestRunner@68ef01a5]]>
              </value>
            </param>
          </params>
          <reporter-output>
          </reporter-output>
        </test-method> <!-- setUpClass -->
        <test-method signature="runScenario(io.cucumber.testng.PickleWrapper,io.cucumber.testng.FeatureWrapper)[pri:0, instance:runners.TestRunner@5a59ca5e]" started-at="2025-02-10T07:06:10 IST" name="runScenario" description="Runs Cucumber Scenarios" data-provider="scenarios" finished-at="2025-02-10T07:06:26 IST" duration-ms="16475" status="FAIL">
          <params>
            <param index="0">
              <value>
                <![CDATA["Checkout a product with valid shipping and payment details"]]>
              </value>
            </param>
            <param index="1">
              <value>
                <![CDATA["Product Checkout Flow - DemoWebShop"]]>
              </value>
            </param>
          </params>
          <exception class="java.lang.AssertionError">
            <full-stacktrace>
              <![CDATA[java.lang.AssertionError
at stepdefinitions.CartCheckoutSteps.verifyOrderConfirmation(CartCheckoutSteps.java:55)
at âœ½.I should see order confirmation "Your order has been successfully processed!"(file:///C:/Users/91866/eclipse-workspace/DemoWebShop/src/test/resources/features/cart_checkout.feature:23)
]]>
            </full-stacktrace>
          </exception> <!-- java.lang.AssertionError -->
          <reporter-output>
          </reporter-output>
        </test-method> <!-- runScenario -->
        <test-method is-config="true" signature="tearDownClass()[pri:0, instance:runners.TestRunner@5a59ca5e]" started-at="2025-02-10T07:06:26 IST" name="tearDownClass" finished-at="2025-02-10T07:06:26 IST" duration-ms="47" status="PASS">
          <reporter-output>
          </reporter-output>
        </test-method> <!-- tearDownClass -->
      </class> <!-- runners.TestRunner -->
    </test> <!-- Cucumber Tests -->
  </suite> <!-- DemoWebShop Suite -->
</testng-results>
